<?xml version="1.0" encoding="UTF-8"?>
<testng-results skipped="0" failed="0" ignored="0" total="1" passed="1">
  <reporter-output>
    <line>
      <![CDATA[Excel data, config data and reporter is ready.]]>
    </line>
    <line>
      <![CDATA[Reporter is ready. Preparing to open the browser and application.]]>
    </line>
    <line>
      <![CDATA[The application is up and running.]]>
    </line>
    <line>
      <![CDATA[Test is complete. Preparing to capture screenshot.]]>
    </line>
    <line>
      <![CDATA[Test is complete, check the html report >>>]]>
    </line>
    <line>
      <![CDATA[The browser is closed.]]>
    </line>
  </reporter-output>
  <suite name="Suite" duration-ms="6989" started-at="2021-04-02T00:16:43Z" finished-at="2021-04-02T00:16:50Z">
    <groups>
    </groups>
    <test name="Test" duration-ms="6989" started-at="2021-04-02T00:16:43Z" finished-at="2021-04-02T00:16:50Z">
      <class name="com.qa.Swaag.Tests.LoginTest">
        <test-method status="PASS" signature="beforeSuite()[pri:0, instance:com.qa.Swaag.Tests.LoginTest@523884b2]" name="beforeSuite" is-config="true" duration-ms="907" started-at="2021-04-01T20:16:42Z" finished-at="2021-04-01T20:16:43Z">
          <reporter-output>
            <line>
              <![CDATA[Excel data, config data and reporter is ready.]]>
            </line>
          </reporter-output>
        </test-method> <!-- beforeSuite -->
        <test-method status="PASS" signature="openApplication()[pri:0, instance:com.qa.Swaag.Tests.LoginTest@523884b2]" name="openApplication" is-config="true" duration-ms="3899" started-at="2021-04-01T20:16:43Z" finished-at="2021-04-01T20:16:47Z">
          <reporter-output>
            <line>
              <![CDATA[Reporter is ready. Preparing to open the browser and application.]]>
            </line>
            <line>
              <![CDATA[The application is up and running.]]>
            </line>
          </reporter-output>
        </test-method> <!-- openApplication -->
        <test-method status="PASS" signature="loginApp()[pri:0, instance:com.qa.Swaag.Tests.LoginTest@523884b2]" name="loginApp" duration-ms="509" started-at="2021-04-01T20:16:47Z" finished-at="2021-04-01T20:16:48Z">
          <reporter-output>
          </reporter-output>
        </test-method> <!-- loginApp -->
        <test-method status="PASS" signature="afterMethod(org.testng.ITestResult)[pri:0, instance:com.qa.Swaag.Tests.LoginTest@523884b2]" name="afterMethod" is-config="true" duration-ms="1651" started-at="2021-04-01T20:16:48Z" finished-at="2021-04-01T20:16:49Z">
          <params>
            <param index="0">
              <value>
                <![CDATA[[TestResult name=loginApp status=SUCCESS method=LoginTest.loginApp()[pri:0, instance:com.qa.Swaag.Tests.LoginTest@523884b2] output={null}]]]>
              </value>
            </param>
          </params>
          <reporter-output>
            <line>
              <![CDATA[Test is complete. Preparing to capture screenshot.]]>
            </line>
            <line>
              <![CDATA[Test is complete, check the html report >>>]]>
            </line>
          </reporter-output>
        </test-method> <!-- afterMethod -->
        <test-method status="PASS" signature="tearDown()[pri:0, instance:com.qa.Swaag.Tests.LoginTest@523884b2]" name="tearDown" is-config="true" duration-ms="896" started-at="2021-04-01T20:16:49Z" finished-at="2021-04-01T20:16:50Z">
          <reporter-output>
            <line>
              <![CDATA[The browser is closed.]]>
            </line>
          </reporter-output>
        </test-method> <!-- tearDown -->
      </class> <!-- com.qa.Swaag.Tests.LoginTest -->
    </test> <!-- Test -->
  </suite> <!-- Suite -->
</testng-results>
